     1                                  ; a program to add three numbers using byte variables
     2                                  [org 0x0100]
     3                                  
     4 00000000 B88787                      mov  ax, 0x8787
     5 00000003 31C0                        xor  ax, ax          ; we need to make sure AX is empty! 
     6                                  
     7 00000005 A0[1C00]                    mov  al, [num1]
     8                                  
     9 00000008 8A1E[1D00]                  mov  bl, [num1+1]
    10 0000000C 00D8                        add  al, bl
    11                                      
    12 0000000E 8A1E[1E00]                  mov  bl, [num1+2]
    13 00000012 00D8                        add  al, bl
    14                                  
    15 00000014 A2[1F00]                    mov  [num1+3], al
    16                                  
    17                                  
    18                                  
    19                                      ; mov  ax, bl         ; ... assemble time error. Make sure you understand the error! 
    20                                      
    21 00000017 B8004C                      mov  ax, 0x4c00
    22 0000001A CD21                        int  0x21
    23                                  
    24 0000001C 050A0F00                num1: db  5, 10, 15, 0
